Copyright 1986-2022 Xilinx, Inc. All Rights Reserved. Copyright 2022-2023 Advanced Micro Devices, Inc. All Rights Reserved.
---------------------------------------------------------------------------------------------------------------------------------------------
| Tool Version : Vivado v.2023.2 (lin64) Build 4029153 Fri Oct 13 20:13:54 MDT 2023
| Date         : Fri Jun  5 12:45:44 2026
| Host         : aux-vivado-vm running 64-bit Ubuntu 22.04.5 LTS
| Command      : report_timing_summary -file /home/michael/projects/ternary-mac-array/run/timing_P64.rpt
| Design       : ternary_mac_top
| Device       : 7z010-clg400
| Speed File   : -1  PRODUCTION 1.12 2019-11-22
| Design State : Routed
---------------------------------------------------------------------------------------------------------------------------------------------

Timing Summary Report

------------------------------------------------------------------------------------------------
| Timer Settings
| --------------
------------------------------------------------------------------------------------------------

  Enable Multi Corner Analysis               :  Yes
  Enable Pessimism Removal                   :  Yes
  Pessimism Removal Resolution               :  Nearest Common Node
  Enable Input Delay Default Clock           :  No
  Enable Preset / Clear Arcs                 :  No
  Disable Flight Delays                      :  No
  Ignore I/O Paths                           :  No
  Timing Early Launch at Borrowing Latches   :  No
  Borrow Time for Max Delay Exceptions       :  Yes
  Merge Timing Exceptions                    :  Yes
  Inter-SLR Compensation                     :  Conservative

  Corner  Analyze    Analyze    
  Name    Max Paths  Min Paths  
  ------  ---------  ---------  
  Slow    Yes        Yes        
  Fast    Yes        Yes        


------------------------------------------------------------------------------------------------
| Report Methodology
| ------------------
------------------------------------------------------------------------------------------------

No report available as report_methodology has not been run prior. Run report_methodology on the current design for the summary of methodology violations.



check_timing report

Table of Contents
-----------------
1. checking no_clock (0)
2. checking constant_clock (0)
3. checking pulse_width_clock (0)
4. checking unconstrained_internal_endpoints (0)
5. checking no_input_delay (1)
6. checking no_output_delay (1)
7. checking multiple_clock (0)
8. checking generated_clocks (0)
9. checking loops (0)
10. checking partial_input_delay (0)
11. checking partial_output_delay (0)
12. checking latch_loops (0)

1. checking no_clock (0)
------------------------
 There are 0 register/latch pins with no clock.


2. checking constant_clock (0)
------------------------------
 There are 0 register/latch pins with constant_clock.


3. checking pulse_width_clock (0)
---------------------------------
 There are 0 register/latch pins which need pulse_width check


4. checking unconstrained_internal_endpoints (0)
------------------------------------------------
 There are 0 pins that are not constrained for maximum delay.

 There are 0 pins that are not constrained for maximum delay due to constant clock.


5. checking no_input_delay (1)
------------------------------
 There is 1 input port with no input delay specified. (HIGH)

 There are 0 input ports with no input delay but user has a false path constraint.


6. checking no_output_delay (1)
-------------------------------
 There is 1 port with no output delay specified. (HIGH)

 There are 0 ports with no output delay but user has a false path constraint

 There are 0 ports with no output delay but with a timing clock defined on it or propagating through it


7. checking multiple_clock (0)
------------------------------
 There are 0 register/latch pins with multiple clocks.


8. checking generated_clocks (0)
--------------------------------
 There are 0 generated clocks that are not connected to a clock source.


9. checking loops (0)
---------------------
 There are 0 combinational loops in the design.


10. checking partial_input_delay (0)
------------------------------------
 There are 0 input ports with partial input delay specified.


11. checking partial_output_delay (0)
-------------------------------------
 There are 0 ports with partial output delay specified.


12. checking latch_loops (0)
----------------------------
 There are 0 combinational latch loops in the design through latch input



------------------------------------------------------------------------------------------------
| Design Timing Summary
| ---------------------
------------------------------------------------------------------------------------------------

    WNS(ns)      TNS(ns)  TNS Failing Endpoints  TNS Total Endpoints      WHS(ns)      THS(ns)  THS Failing Endpoints  THS Total Endpoints     WPWS(ns)     TPWS(ns)  TPWS Failing Endpoints  TPWS Total Endpoints  
    -------      -------  ---------------------  -------------------      -------      -------  ---------------------  -------------------     --------     --------  ----------------------  --------------------  
      0.242        0.000                      0                 2170        0.036        0.000                      0                 2170        1.020        0.000                       0                  1597  


All user specified timing constraints are met.


------------------------------------------------------------------------------------------------
| Clock Summary
| -------------
------------------------------------------------------------------------------------------------

Clock  Waveform(ns)         Period(ns)      Frequency(MHz)
-----  ------------         ----------      --------------
clk    {0.000 2.000}        4.000           250.000         


------------------------------------------------------------------------------------------------
| Intra Clock Table
| -----------------
------------------------------------------------------------------------------------------------

Clock             WNS(ns)      TNS(ns)  TNS Failing Endpoints  TNS Total Endpoints      WHS(ns)      THS(ns)  THS Failing Endpoints  THS Total Endpoints     WPWS(ns)     TPWS(ns)  TPWS Failing Endpoints  TPWS Total Endpoints  
-----             -------      -------  ---------------------  -------------------      -------      -------  ---------------------  -------------------     --------     --------  ----------------------  --------------------  
clk                 0.242        0.000                      0                 2170        0.036        0.000                      0                 2170        1.020        0.000                       0                  1597  


------------------------------------------------------------------------------------------------
| Inter Clock Table
| -----------------
------------------------------------------------------------------------------------------------

From Clock    To Clock          WNS(ns)      TNS(ns)  TNS Failing Endpoints  TNS Total Endpoints      WHS(ns)      THS(ns)  THS Failing Endpoints  THS Total Endpoints  
----------    --------          -------      -------  ---------------------  -------------------      -------      -------  ---------------------  -------------------  


------------------------------------------------------------------------------------------------
| Other Path Groups Table
| -----------------------
------------------------------------------------------------------------------------------------

Path Group    From Clock    To Clock          WNS(ns)      TNS(ns)  TNS Failing Endpoints  TNS Total Endpoints      WHS(ns)      THS(ns)  THS Failing Endpoints  THS Total Endpoints  
----------    ----------    --------          -------      -------  ---------------------  -------------------      -------      -------  ---------------------  -------------------  


------------------------------------------------------------------------------------------------
| Timing Details
| --------------
------------------------------------------------------------------------------------------------


---------------------------------------------------------------------------------------------------
From Clock:  clk
  To Clock:  clk

Setup :            0  Failing Endpoints,  Worst Slack        0.242ns,  Total Violation        0.000ns
Hold  :            0  Failing Endpoints,  Worst Slack        0.036ns,  Total Violation        0.000ns
PW    :            0  Failing Endpoints,  Worst Slack        1.020ns,  Total Violation        0.000ns
---------------------------------------------------------------------------------------------------


Max Delay Paths
--------------------------------------------------------------------------------------
Slack (MET) :             0.242ns  (required time - arrival time)
  Source:                 lfsr_a_reg[31]/C
                            (rising edge-triggered cell FDSE clocked by clk  {rise@0.000ns fall@2.000ns period=4.000ns})
  Destination:            u_mac/lvl0_reg[168]/D
                            (rising edge-triggered cell FDRE clocked by clk  {rise@0.000ns fall@2.000ns period=4.000ns})
  Path Group:             clk
  Path Type:              Setup (Max at Slow Process Corner)
  Requirement:            4.000ns  (clk rise@4.000ns - clk rise@0.000ns)
  Data Path Delay:        3.817ns  (logic 0.608ns (15.927%)  route 3.209ns (84.073%))
  Logic Levels:           1  (LUT5=1)
  Clock Path Skew:        0.020ns (DCD - SCD + CPR)
    Destination Clock Delay (DCD):    4.459ns = ( 8.459 - 4.000 ) 
    Source Clock Delay      (SCD):    4.894ns
    Clock Pessimism Removal (CPR):    0.455ns
  Clock Uncertainty:      0.035ns  ((TSJ^2 + TIJ^2)^1/2 + DJ) / 2 + PE
    Total System Jitter     (TSJ):    0.071ns
    Total Input Jitter      (TIJ):    0.000ns
    Discrete Jitter          (DJ):    0.000ns
    Phase Error              (PE):    0.000ns

    Location             Delay type                Incr(ns)  Path(ns)    Netlist Resource(s)
  -------------------------------------------------------------------    -------------------
                         (clock clk rise edge)        0.000     0.000 r  
    U14                                               0.000     0.000 r  clk (IN)
                         net (fo=0)                   0.000     0.000    clk
    U14                  IBUF (Prop_ibuf_I_O)         1.046     1.046 r  clk_IBUF_inst/O
                         net (fo=1, routed)           2.076     3.122    clk_IBUF
    BUFGCTRL_X0Y0        BUFG (Prop_bufg_I_O)         0.101     3.223 r  clk_IBUF_BUFG_inst/O
                         net (fo=1596, routed)        1.671     4.894    clk_IBUF_BUFG
    SLICE_X35Y11         FDSE                                         r  lfsr_a_reg[31]/C
  -------------------------------------------------------------------    -------------------
    SLICE_X35Y11         FDSE (Prop_fdse_C_Q)         0.456     5.350 r  lfsr_a_reg[31]/Q
                         net (fo=157, routed)         3.209     8.559    u_mac/Q[13]
    SLICE_X39Y1          LUT5 (Prop_lut5_I4_O)        0.152     8.711 r  u_mac/lvl0[168]_i_1/O
                         net (fo=1, routed)           0.000     8.711    u_mac/lvl0[168]_i_1_n_0
    SLICE_X39Y1          FDRE                                         r  u_mac/lvl0_reg[168]/D
  -------------------------------------------------------------------    -------------------

                         (clock clk rise edge)        4.000     4.000 r  
    U14                                               0.000     4.000 r  clk (IN)
                         net (fo=0)                   0.000     4.000    clk
    U14                  IBUF (Prop_ibuf_I_O)         0.912     4.912 r  clk_IBUF_inst/O
                         net (fo=1, routed)           1.880     6.792    clk_IBUF
    BUFGCTRL_X0Y0        BUFG (Prop_bufg_I_O)         0.091     6.883 r  clk_IBUF_BUFG_inst/O
                         net (fo=1596, routed)        1.576     8.459    u_mac/clk_IBUF_BUFG
    SLICE_X39Y1          FDRE                                         r  u_mac/lvl0_reg[168]/C
                         clock pessimism              0.455     8.914    
                         clock uncertainty           -0.035     8.879    
    SLICE_X39Y1          FDRE (Setup_fdre_C_D)        0.075     8.954    u_mac/lvl0_reg[168]
  -------------------------------------------------------------------
                         required time                          8.954    
                         arrival time                          -8.711    
  -------------------------------------------------------------------
                         slack                                  0.242    





Min Delay Paths
--------------------------------------------------------------------------------------
Slack (MET) :             0.036ns  (arrival time - required time)
  Source:                 u_mac/lvl0_reg[872]/C
                            (rising edge-triggered cell FDRE clocked by clk  {rise@0.000ns fall@2.000ns period=4.000ns})
  Destination:            u_mac/LEVELS[1].lvl_reg[438]/D
                            (rising edge-triggered cell FDRE clocked by clk  {rise@0.000ns fall@2.000ns period=4.000ns})
  Path Group:             clk
  Path Type:              Hold (Min at Fast Process Corner)
  Requirement:            0.000ns  (clk rise@0.000ns - clk rise@0.000ns)
  Data Path Delay:        0.436ns  (logic 0.270ns (61.909%)  route 0.166ns (38.091%))
  Logic Levels:           1  (CARRY4=1)
  Clock Path Skew:        0.266ns (DCD - SCD - CPR)
    Destination Clock Delay (DCD):    2.004ns
    Source Clock Delay      (SCD):    1.484ns
    Clock Pessimism Removal (CPR):    0.254ns

    Location             Delay type                Incr(ns)  Path(ns)    Netlist Resource(s)
  -------------------------------------------------------------------    -------------------
                         (clock clk rise edge)        0.000     0.000 r  
    U14                                               0.000     0.000 r  clk (IN)
                         net (fo=0)                   0.000     0.000    clk
    U14                  IBUF (Prop_ibuf_I_O)         0.274     0.274 r  clk_IBUF_inst/O
                         net (fo=1, routed)           0.627     0.901    clk_IBUF
    BUFGCTRL_X0Y0        BUFG (Prop_bufg_I_O)         0.026     0.927 r  clk_IBUF_BUFG_inst/O
                         net (fo=1596, routed)        0.557     1.484    u_mac/clk_IBUF_BUFG
    SLICE_X22Y12         FDRE                                         r  u_mac/lvl0_reg[872]/C
  -------------------------------------------------------------------    -------------------
    SLICE_X22Y12         FDRE (Prop_fdre_C_Q)         0.141     1.625 r  u_mac/lvl0_reg[872]/Q
                         net (fo=2, routed)           0.166     1.791    u_mac/lvl0_reg_n_0_[872]
    SLICE_X20Y11         CARRY4 (Prop_carry4_DI[2]_O[3])
                                                      0.129     1.920 r  u_mac/LEVELS[1].lvl_reg[438]_i_1/O[3]
                         net (fo=1, routed)           0.000     1.920    u_mac/LEVELS[1].lvl_reg[438]_i_1_n_4
    SLICE_X20Y11         FDRE                                         r  u_mac/LEVELS[1].lvl_reg[438]/D
  -------------------------------------------------------------------    -------------------

                         (clock clk rise edge)        0.000     0.000 r  
    U14                                               0.000     0.000 r  clk (IN)
                         net (fo=0)                   0.000     0.000    clk
    U14                  IBUF (Prop_ibuf_I_O)         0.464     0.464 r  clk_IBUF_inst/O
                         net (fo=1, routed)           0.683     1.147    clk_IBUF
    BUFGCTRL_X0Y0        BUFG (Prop_bufg_I_O)         0.029     1.176 r  clk_IBUF_BUFG_inst/O
                         net (fo=1596, routed)        0.828     2.004    u_mac/clk_IBUF_BUFG
    SLICE_X20Y11         FDRE                                         r  u_mac/LEVELS[1].lvl_reg[438]/C
                         clock pessimism             -0.254     1.750    
    SLICE_X20Y11         FDRE (Hold_fdre_C_D)         0.134     1.884    u_mac/LEVELS[1].lvl_reg[438]
  -------------------------------------------------------------------
                         required time                         -1.884    
                         arrival time                           1.920    
  -------------------------------------------------------------------
                         slack                                  0.036    





Pulse Width Checks
--------------------------------------------------------------------------------------
Clock Name:         clk
Waveform(ns):       { 0.000 2.000 }
Period(ns):         4.000
Sources:            { clk }

Check Type        Corner  Lib Pin     Reference Pin  Required(ns)  Actual(ns)  Slack(ns)  Location       Pin
Min Period        n/a     BUFG/I      n/a            2.155         4.000       1.845      BUFGCTRL_X0Y0  clk_IBUF_BUFG_inst/I
Low Pulse Width   Slow    SRL16E/CLK  n/a            0.980         2.000       1.020      SLICE_X38Y17   lfsr_a_reg[18]_srl2___u_mac_valid_sr_reg_r_0/CLK
High Pulse Width  Slow    SRL16E/CLK  n/a            0.980         2.000       1.020      SLICE_X38Y17   lfsr_a_reg[18]_srl2___u_mac_valid_sr_reg_r_0/CLK



